2025-06-26T15:42:30.476+08:00  INFO 964 --- [project] [main] com.example.demo.ProjectApplication      : Starting ProjectApplication using Java 21.0.6 with PID 964 (E:\project\project\target\classes started by NTPU in E:\project\project)
2025-06-26T15:42:30.479+08:00  INFO 964 --- [project] [main] com.example.demo.ProjectApplication      : No active profile set, falling back to 1 default profile: "default"
2025-06-26T15:42:31.213+08:00  INFO 964 --- [project] [main] .s.d.r.c.RepositoryConfigurationDelegate : Multiple Spring Data modules found, entering strict repository configuration mode
2025-06-26T15:42:31.214+08:00  INFO 964 --- [project] [main] .s.d.r.c.RepositoryConfigurationDelegate : Bootstrapping Spring Data JDBC repositories in DEFAULT mode.
2025-06-26T15:42:31.237+08:00  INFO 964 --- [project] [main] .RepositoryConfigurationExtensionSupport : Spring Data JDBC - Could not safely identify store assignment for repository candidate interface com.example.demo.repository.MenuItemsRepository; If you want this repository to be a JDBC repository, consider annotating your entities with one of these annotations: org.springframework.data.relational.core.mapping.Table.
2025-06-26T15:42:31.238+08:00  INFO 964 --- [project] [main] .RepositoryConfigurationExtensionSupport : Spring Data JDBC - Could not safely identify store assignment for repository candidate interface com.example.demo.repository.MessageRepository; If you want this repository to be a JDBC repository, consider annotating your entities with one of these annotations: org.springframework.data.relational.core.mapping.Table.
2025-06-26T15:42:31.239+08:00  INFO 964 --- [project] [main] .RepositoryConfigurationExtensionSupport : Spring Data JDBC - Could not safely identify store assignment for repository candidate interface com.example.demo.repository.OrderRepository; If you want this repository to be a JDBC repository, consider annotating your entities with one of these annotations: org.springframework.data.relational.core.mapping.Table.
2025-06-26T15:42:31.240+08:00  INFO 964 --- [project] [main] .RepositoryConfigurationExtensionSupport : Spring Data JDBC - Could not safely identify store assignment for repository candidate interface com.example.demo.repository.RoleRepository; If you want this repository to be a JDBC repository, consider annotating your entities with one of these annotations: org.springframework.data.relational.core.mapping.Table.
2025-06-26T15:42:31.240+08:00  INFO 964 --- [project] [main] .RepositoryConfigurationExtensionSupport : Spring Data JDBC - Could not safely identify store assignment for repository candidate interface com.example.demo.repository.ShopRepository; If you want this repository to be a JDBC repository, consider annotating your entities with one of these annotations: org.springframework.data.relational.core.mapping.Table.
2025-06-26T15:42:31.241+08:00  INFO 964 --- [project] [main] .RepositoryConfigurationExtensionSupport : Spring Data JDBC - Could not safely identify store assignment for repository candidate interface com.example.demo.repository.UserRepository; If you want this repository to be a JDBC repository, consider annotating your entities with one of these annotations: org.springframework.data.relational.core.mapping.Table.
2025-06-26T15:42:31.241+08:00  INFO 964 --- [project] [main] .s.d.r.c.RepositoryConfigurationDelegate : Finished Spring Data repository scanning in 23 ms. Found 0 JDBC repository interfaces.
2025-06-26T15:42:31.249+08:00  INFO 964 --- [project] [main] .s.d.r.c.RepositoryConfigurationDelegate : Multiple Spring Data modules found, entering strict repository configuration mode
2025-06-26T15:42:31.249+08:00  INFO 964 --- [project] [main] .s.d.r.c.RepositoryConfigurationDelegate : Bootstrapping Spring Data JPA repositories in DEFAULT mode.
2025-06-26T15:42:31.271+08:00  INFO 964 --- [project] [main] .s.d.r.c.RepositoryConfigurationDelegate : Finished Spring Data repository scanning in 19 ms. Found 6 JPA repository interfaces.
2025-06-26T15:42:31.602+08:00  INFO 964 --- [project] [main] o.s.b.w.embedded.tomcat.TomcatWebServer  : Tomcat initialized with port 8081 (http)
2025-06-26T15:42:31.612+08:00  INFO 964 --- [project] [main] o.apache.catalina.core.StandardService   : Starting service [Tomcat]
2025-06-26T15:42:31.613+08:00  INFO 964 --- [project] [main] o.apache.catalina.core.StandardEngine    : Starting Servlet engine: [Apache Tomcat/10.1.40]
2025-06-26T15:42:31.644+08:00  INFO 964 --- [project] [main] o.a.c.c.C.[Tomcat].[localhost].[/]       : Initializing Spring embedded WebApplicationContext
2025-06-26T15:42:31.645+08:00  INFO 964 --- [project] [main] w.s.c.ServletWebServerApplicationContext : Root WebApplicationContext: initialization completed in 1140 ms
2025-06-26T15:42:31.744+08:00  INFO 964 --- [project] [main] o.hibernate.jpa.internal.util.LogHelper  : HHH000204: Processing PersistenceUnitInfo [name: default]
2025-06-26T15:42:31.788+08:00  INFO 964 --- [project] [main] org.hibernate.Version                    : HHH000412: Hibernate ORM core version 6.6.13.Final
2025-06-26T15:42:31.813+08:00  INFO 964 --- [project] [main] o.h.c.internal.RegionFactoryInitiator    : HHH000026: Second-level cache disabled
2025-06-26T15:42:32.009+08:00  INFO 964 --- [project] [main] o.s.o.j.p.SpringPersistenceUnitInfo      : No LoadTimeWeaver setup: ignoring JPA class transformer
2025-06-26T15:42:32.030+08:00  INFO 964 --- [project] [main] com.zaxxer.hikari.HikariDataSource       : HikariPool-1 - Starting...
2025-06-26T15:42:32.137+08:00  INFO 964 --- [project] [main] com.zaxxer.hikari.pool.HikariPool        : HikariPool-1 - Added connection com.mysql.cj.jdbc.ConnectionImpl@2673487b
2025-06-26T15:42:32.138+08:00  INFO 964 --- [project] [main] com.zaxxer.hikari.HikariDataSource       : HikariPool-1 - Start completed.
2025-06-26T15:42:32.194+08:00  INFO 964 --- [project] [main] org.hibernate.orm.connections.pooling    : HHH10001005: Database info:
	Database JDBC URL [Connecting through datasource 'HikariDataSource (HikariPool-1)']
	Database driver: undefined/unknown
	Database version: 8.0.34
	Autocommit mode: undefined/unknown
	Isolation level: undefined/unknown
	Minimum pool size: undefined/unknown
	Maximum pool size: undefined/unknown
2025-06-26T15:42:32.739+08:00  INFO 964 --- [project] [main] o.h.e.t.j.p.i.JtaPlatformInitiator       : HHH000489: No JTA platform available (set 'hibernate.transaction.jta.platform' to enable JTA platform integration)
2025-06-26T15:42:32.769+08:00  INFO 964 --- [project] [main] j.LocalContainerEntityManagerFactoryBean : Initialized JPA EntityManagerFactory for persistence unit 'default'
2025-06-26T15:42:32.918+08:00  INFO 964 --- [project] [main] o.s.d.j.r.query.QueryEnhancerFactory     : Hibernate is in classpath; If applicable, HQL parser will be used.
2025-06-26T15:42:33.502+08:00  INFO 964 --- [project] [main] o.s.b.w.embedded.tomcat.TomcatWebServer  : Tomcat started on port 8081 (http) with context path '/'
2025-06-26T15:42:33.506+08:00  INFO 964 --- [project] [main] com.example.demo.ProjectApplication      : Started ProjectApplication in 3.31 seconds (process running for 3.744)
2025-06-26T15:42:49.120+08:00  INFO 964 --- [project] [http-nio-8081-exec-1] o.a.c.c.C.[Tomcat].[localhost].[/]       : Initializing Spring DispatcherServlet 'dispatcherServlet'
2025-06-26T15:42:49.121+08:00  INFO 964 --- [project] [http-nio-8081-exec-1] o.s.web.servlet.DispatcherServlet        : Initializing Servlet 'dispatcherServlet'
2025-06-26T15:42:49.121+08:00  INFO 964 --- [project] [http-nio-8081-exec-1] o.s.web.servlet.DispatcherServlet        : Completed initialization in 0 ms
2025-06-26T15:42:54.378+08:00 DEBUG 964 --- [project] [http-nio-8081-exec-6] org.hibernate.SQL                        : 
    select
        user_id,
        username,
        password,
        password_salt,
        status,
        user_role,
        last_login_time,
        created_at,
        updated_at,
        is_deleted 
    from
        users 
    where
        username=?
2025-06-26T15:42:54.423+08:00 DEBUG 964 --- [project] [http-nio-8081-exec-6] org.hibernate.SQL                        : 
    select
        u1_0.user_id,
        u1